#
# There is insufficient memory for the Java Runtime Environment to continue.
# Native memory allocation (malloc) failed to allocate 1048576 bytes for AllocateHeap
# Possible reasons:
#   The system is out of physical RAM or swap space
#   In 32 bit mode, the process size limit was hit
# Possible solutions:
#   Reduce memory load on the system
#   Increase physical memory or swap space
#   Check if swap backing store is full
#   Use 64 bit Java on a 64 bit OS
#   Decrease Java heap size (-Xmx/-Xms)
#   Decrease number of Java threads
#   Decrease Java thread stack sizes (-Xss)
#   Set larger code cache with -XX:ReservedCodeCacheSize=
# This output file may be truncated or incomplete.
#
#  Out of Memory Error (memory/allocation.inline.hpp:61), pid=8072, tid=0x0000000000003b70
#
# JRE version:  (8.0_152-b02) (build )
# Java VM: OpenJDK 64-Bit Server VM (25.152-b02 mixed mode windows-amd64 compressed oops)
# Failed to write core dump. Minidumps are not enabled by default on client versions of Windows
#

---------------  T H R E A D  ---------------

Current thread (0x00000000026f2800):  JavaThread "Unknown thread" [_thread_in_vm, id=15216, stack(0x0000000002520000,0x0000000002620000)]

Stack: [0x0000000002520000,0x0000000002620000]
[error occurred during error reporting (printing stack bounds), id 0xc0000005]

Native frames: (J=compiled Java code, j=interpreted, Vv=VM code, C=native code)


---------------  P R O C E S S  ---------------

Java Threads: ( => current thread )

Other Threads:

=>0x00000000026f2800 (exited) JavaThread "Unknown thread" [_thread_in_vm, id=15216, stack(0x0000000002520000,0x0000000002620000)]

VM state:not at safepoint (normal execution)

VM Mutex/Monitor currently owned by a thread: None

Heap:
 PSYoungGen      total 38400K, used 665K [0x00000000eab00000, 0x00000000ed580000, 0x0000000100000000)
  eden space 33280K, 2% used [0x00000000eab00000,0x00000000eaba6670,0x00000000ecb80000)
  from space 5120K, 0% used [0x00000000ed080000,0x00000000ed080000,0x00000000ed580000)
  to   space 5120K, 0% used [0x00000000ecb80000,0x00000000ecb80000,0x00000000ed080000)
 ParOldGen       total 87552K, used 0K [0x00000000c0000000, 0x00000000c5580000, 0x00000000eab00000)
  object space 87552K, 0% used [0x00000000c0000000,0x00000000c0000000,0x00000000c5580000)
 Metaspace       used 772K, capacity 4480K, committed 4480K, reserved 1056768K
  class space    used 73K, capacity 384K, committed 384K, reserved 1048576K

Card table byte_map: [0x0000000011bb0000,0x0000000011dc0000] byte_map_base: 0x00000000115b0000

Marking Bits: (ParMarkBitMap*) 0x0000000051df4970
 Begin Bits: [0x0000000012320000, 0x0000000013320000)
 End Bits:   [0x0000000013320000, 0x0000000014320000)

Polling page: 0x00000000024b0000

CodeCache: size=245760Kb used=328Kb max_used=328Kb free=245431Kb
 bounds [0x00000000027f0000, 0x0000000002a60000, 0x00000000117f0000]
 total_blobs=57 nmethods=0 adapters=38
 compilation: enabled

Compilation events (0 events):
No events

GC Heap History (0 events):
No events

Deoptimization events (0 events):
No events

Classes redefined (0 events):
No events

Internal exceptions (0 events):
No events

Events (10 events):
Event: 0.042 loading class java/lang/Short
Event: 0.042 loading class java/lang/Short done
Event: 0.042 loading class java/lang/Integer
Event: 0.043 loading class java/lang/Integer done
Event: 0.043 loading class java/lang/Long
Event: 0.043 loading class java/lang/Long done
Event: 0.046 loading class java/lang/NullPointerException
Event: 0.046 loading class java/lang/NullPointerException done
Event: 0.046 loading class java/lang/ArithmeticException
Event: 0.046 loading class java/lang/ArithmeticException done


Dynamic libraries:
0x00007ff6571b0000 - 0x00007ff6571e1000 	C:\Program Files\Android\Android Studio\jre\bin\java.exe
0x00007ffd094e0000 - 0x00007ffd096c1000 	C:\WINDOWS\SYSTEM32\ntdll.dll
0x00007ffd08800000 - 0x00007ffd088b2000 	C:\WINDOWS\System32\KERNEL32.DLL
0x00007ffd05fe0000 - 0x00007ffd06253000 	C:\WINDOWS\System32\KERNELBASE.dll
0x00007ffd088f0000 - 0x00007ffd08991000 	C:\WINDOWS\System32\ADVAPI32.dll
0x00007ffd08700000 - 0x00007ffd0879e000 	C:\WINDOWS\System32\msvcrt.dll
0x00007ffd06cb0000 - 0x00007ffd06d0b000 	C:\WINDOWS\System32\sechost.dll
0x00007ffd085d0000 - 0x00007ffd086f4000 	C:\WINDOWS\System32\RPCRT4.dll
0x00007ffd09090000 - 0x00007ffd09220000 	C:\WINDOWS\System32\USER32.dll
0x00007ffd05980000 - 0x00007ffd059a0000 	C:\WINDOWS\System32\win32u.dll
0x00007ffd088c0000 - 0x00007ffd088e8000 	C:\WINDOWS\System32\GDI32.dll
0x00007ffd059a0000 - 0x00007ffd05b32000 	C:\WINDOWS\System32\gdi32full.dll
0x00007ffd05c40000 - 0x00007ffd05cdf000 	C:\WINDOWS\System32\msvcp_win.dll
0x00007ffd05b40000 - 0x00007ffd05c3a000 	C:\WINDOWS\System32\ucrtbase.dll
0x00007ffcfbc60000 - 0x00007ffcfbec9000 	C:\WINDOWS\WinSxS\amd64_microsoft.windows.common-controls_6595b64144ccf1df_6.0.17134.112_none_fb3f961b30681c12\COMCTL32.dll
0x00007ffd081b0000 - 0x00007ffd084d3000 	C:\WINDOWS\System32\combase.dll
0x00007ffd05900000 - 0x00007ffd0597a000 	C:\WINDOWS\System32\bcryptPrimitives.dll
0x00007ffd08b90000 - 0x00007ffd08bbd000 	C:\WINDOWS\System32\IMM32.DLL
0x0000000051550000 - 0x0000000051622000 	C:\Program Files\Android\Android Studio\jre\jre\bin\msvcr100.dll
0x0000000051630000 - 0x0000000051e6f000 	C:\Program Files\Android\Android Studio\jre\jre\bin\server\jvm.dll
0x00007ffd093f0000 - 0x00007ffd093f8000 	C:\WINDOWS\System32\PSAPI.DLL
0x00007ffd01ed0000 - 0x00007ffd01ed9000 	C:\WINDOWS\SYSTEM32\WSOCK32.dll
0x00007ffd08b20000 - 0x00007ffd08b8c000 	C:\WINDOWS\System32\WS2_32.dll
0x00007ffd03b00000 - 0x00007ffd03b23000 	C:\WINDOWS\SYSTEM32\WINMM.dll
0x00007ffcff130000 - 0x00007ffcff13a000 	C:\WINDOWS\SYSTEM32\VERSION.dll
0x00007ffd039d0000 - 0x00007ffd039fa000 	C:\WINDOWS\SYSTEM32\WINMMBASE.dll
0x00007ffd058b0000 - 0x00007ffd058f9000 	C:\WINDOWS\System32\cfgmgr32.dll
0x00007ffd01ec0000 - 0x00007ffd01ecf000 	C:\Program Files\Android\Android Studio\jre\jre\bin\verify.dll
0x00007ffcfea90000 - 0x00007ffcfeab9000 	C:\Program Files\Android\Android Studio\jre\jre\bin\java.dll
0x00007ffd00920000 - 0x00007ffd00936000 	C:\Program Files\Android\Android Studio\jre\jre\bin\zip.dll

VM Arguments:
jvm_args: -Djava.awt.headless=true -Xmx1024M -Dfile.encoding=windows-1252 -Duser.country=US -Duser.language=en -Duser.variant 
java_command: com.android.dx.command.Main --dex --num-threads=4 --multi-dex --output C:\Users\LaVanDuc\Downloads\android5xlsx-master\android5xlsx-master\example\app\build\intermediates\transforms\dex\debug\folders\1000\1\debug_02c1e0acf53d26b16b183e714754be9feaad7aaa C:\Users\LaVanDuc\Downloads\android5xlsx-master\android5xlsx-master\example\app\build\intermediates\classes\debug
java_class_path (initial): C:\Users\LaVanDuc\AppData\Local\Android\android-sdk\build-tools\23.0.2\lib\dx.jar
Launcher Type: SUN_STANDARD

Environment Variables:
JAVA_HOME=C:\Program Files\Java\jdk1.8.0_101
PATH=C:\ProgramData\Oracle\Java\javapath;C:\WINDOWS\system32;C:\WINDOWS;C:\WINDOWS\System32\Wbem;C:\WINDOWS\System32\WindowsPowerShell\v1.0\;C:\Program Files\Microsoft SQL Server\130\Tools\Binn\;C:\Program Files\dotnet\;C:\Program Files\Microsoft SQL Server\Client SDK\ODBC\130\Tools\Binn\;C:\Program Files (x86)\Microsoft SQL Server\140\Tools\Binn\;C:\Program Files\Microsoft SQL Server\140\Tools\Binn\;C:\Program Files\Microsoft SQL Server\140\DTS\Binn\;C:\Program Files (x86)\Microsoft SQL Server\Client SDK\ODBC\130\Tools\Binn\;C:\Program Files (x86)\Microsoft SQL Server\140\DTS\Binn\;C:\Program Files (x86)\Microsoft SQL Server\140\Tools\Binn\ManagementStudio\;C:\Program Files\nodejs\;C:\WINDOWS\System32\OpenSSH\;C:\Program Files\Git\cmd;C:\Users\LaVanDuc\AppData\Local\Microsoft\WindowsApps;C:\Users\LaVanDuc\AppData\Roaming\npm;
USERNAME=LaVanDuc
OS=Windows_NT
PROCESSOR_IDENTIFIER=Intel64 Family 6 Model 61 Stepping 4, GenuineIntel



---------------  S Y S T E M  ---------------

OS: Windows 10.0 , 64 bit Build 17134 (10.0.17134.1)

CPU:total 4 (initial active 4) (2 cores per cpu, 2 threads per core) family 6 model 61 stepping 4, cmov, cx8, fxsr, mmx, sse, sse2, sse3, ssse3, sse4.1, sse4.2, popcnt, avx, avx2, aes, clmul, erms, 3dnowpref, lzcnt, ht, tsc, tscinvbit, bmi1, bmi2, adx

Memory: 4k page, physical 8296948k(977976k free), swap 12491252k(6988k free)

vm_info: OpenJDK 64-Bit Server VM (25.152-b02) for windows-amd64 JRE (1.8.0_152-release-1024-b02), built by "builder" with MS VC++ 10.0 (VS2010)

time: Mon Jul 09 21:56:48 2018
elapsed time: 0 seconds (0d 0h 0m 0s)

